<?xml version="1.0" encoding="UTF-8"?>
<!-- Generated by org.testng.reporters.JUnitReportReporter -->
<testsuite hostname="Mohammads-MacBook-Air.local" failures="0" tests="1" name="demoblaze.ecom.LoginTest" time="13.343" errors="0" timestamp="2024-12-27T21:19:33 IST" skipped="0">
  <testcase classname="demoblaze.ecom.LoginTest" name="loginCheck" time="13.343"/>
</testsuite> <!-- demoblaze.ecom.LoginTest -->
